{"code":"ECONNREFUSED","fatal":true,"level":"error","message":"Database connection error:","stack":"AggregateError\n    at internalConnectMultiple (node:net:1116:18)\n    at afterConnectMultiple (node:net:1683:7)","timestamp":"2025-06-01T09:22:40.806Z"}
{"code":"ECONNREFUSED","fatal":true,"level":"error","message":"Database connection error:","stack":"AggregateError\n    at internalConnectMultiple (node:net:1116:18)\n    at afterConnectMultiple (node:net:1683:7)","timestamp":"2025-06-01T09:22:54.547Z"}
{"code":"ECONNREFUSED","fatal":true,"level":"error","message":"Database connection error:","stack":"AggregateError\n    at internalConnectMultiple (node:net:1116:18)\n    at afterConnectMultiple (node:net:1683:7)","timestamp":"2025-06-01T09:23:10.537Z"}
{"code":"ER_ACCESS_DENIED_ERROR","errno":1045,"level":"error","message":"Database connection error: Access denied for user 'root'@'localhost' (using password: YES)","sqlMessage":"Access denied for user 'root'@'localhost' (using password: YES)","sqlState":"28000","stack":"Error: Access denied for user 'root'@'localhost' (using password: YES)\n    at Packet.asError (/Users/zunanli/code/my/hybrid/node_modules/.pnpm/mysql2@3.14.1/node_modules/mysql2/lib/packets/packet.js:740:17)\n    at ClientHandshake.execute (/Users/zunanli/code/my/hybrid/node_modules/.pnpm/mysql2@3.14.1/node_modules/mysql2/lib/commands/command.js:29:26)\n    at PoolConnection.handlePacket (/Users/zunanli/code/my/hybrid/node_modules/.pnpm/mysql2@3.14.1/node_modules/mysql2/lib/base/connection.js:475:34)\n    at PacketParser.onPacket (/Users/zunanli/code/my/hybrid/node_modules/.pnpm/mysql2@3.14.1/node_modules/mysql2/lib/base/connection.js:93:12)\n    at PacketParser.executeStart (/Users/zunanli/code/my/hybrid/node_modules/.pnpm/mysql2@3.14.1/node_modules/mysql2/lib/packet_parser.js:75:16)\n    at Socket.<anonymous> (/Users/zunanli/code/my/hybrid/node_modules/.pnpm/mysql2@3.14.1/node_modules/mysql2/lib/base/connection.js:100:25)\n    at Socket.emit (node:events:518:28)\n    at Socket.emit (node:domain:488:12)\n    at addChunk (node:internal/streams/readable:559:12)\n    at readableAddChunkPushByteMode (node:internal/streams/readable:510:3)","timestamp":"2025-06-01T09:39:05.130Z"}
{"level":"info","message":"Database connected successfully","timestamp":"2025-06-01T09:39:51.429Z"}
{"level":"info","message":"Server is running on port 3000","timestamp":"2025-06-01T09:39:51.431Z"}
{"level":"info","message":"Database connected successfully","timestamp":"2025-06-01T09:42:22.063Z"}
{"level":"info","message":"Database connected successfully","timestamp":"2025-06-01T09:43:43.147Z"}
{"level":"info","message":"Server is running on port 3000","timestamp":"2025-06-01T09:43:43.149Z"}
{"level":"info","message":"Database connected successfully","timestamp":"2025-06-01T09:54:56.590Z"}
{"code":"ER_DROP_INDEX_FK","driverError":{"code":"ER_DROP_INDEX_FK","errno":1553,"sql":"DROP INDEX `IDX_93ccf2a4586d101aa51a03b83d` ON `mappings`","sqlMessage":"Cannot drop index 'IDX_93ccf2a4586d101aa51a03b83d': needed in a foreign key constraint","sqlState":"HY000"},"errno":1553,"level":"error","message":"Database connection error: Cannot drop index 'IDX_93ccf2a4586d101aa51a03b83d': needed in a foreign key constraint","query":"DROP INDEX `IDX_93ccf2a4586d101aa51a03b83d` ON `mappings`","sql":"DROP INDEX `IDX_93ccf2a4586d101aa51a03b83d` ON `mappings`","sqlMessage":"Cannot drop index 'IDX_93ccf2a4586d101aa51a03b83d': needed in a foreign key constraint","sqlState":"HY000","stack":"QueryFailedError: Cannot drop index 'IDX_93ccf2a4586d101aa51a03b83d': needed in a foreign key constraint\n    at Query.onResult (/Users/zunanli/code/my/hybrid/node_modules/.pnpm/typeorm@0.3.24_mongodb@5.9.2_mysql2@3.14.1_reflect-metadata@0.1.14_ts-node@10.9.2_@types+node_dklewbkfun7ycqv55akde3cahy/node_modules/typeorm/src/driver/mysql/MysqlQueryRunner.ts:247:33)\n    at Query.execute (/Users/zunanli/code/my/hybrid/node_modules/.pnpm/mysql2@3.14.1/node_modules/mysql2/lib/commands/command.js:36:14)\n    at PoolConnection.handlePacket (/Users/zunanli/code/my/hybrid/node_modules/.pnpm/mysql2@3.14.1/node_modules/mysql2/lib/base/connection.js:475:34)\n    at PacketParser.onPacket (/Users/zunanli/code/my/hybrid/node_modules/.pnpm/mysql2@3.14.1/node_modules/mysql2/lib/base/connection.js:93:12)\n    at PacketParser.executeStart (/Users/zunanli/code/my/hybrid/node_modules/.pnpm/mysql2@3.14.1/node_modules/mysql2/lib/packet_parser.js:75:16)\n    at Socket.<anonymous> (/Users/zunanli/code/my/hybrid/node_modules/.pnpm/mysql2@3.14.1/node_modules/mysql2/lib/base/connection.js:100:25)\n    at Socket.emit (node:events:518:28)\n    at Socket.emit (node:domain:488:12)\n    at addChunk (node:internal/streams/readable:559:12)\n    at readableAddChunkPushByteMode (node:internal/streams/readable:510:3)","timestamp":"2025-06-01T09:56:52.205Z"}
{"code":"ER_DROP_INDEX_FK","driverError":{"code":"ER_DROP_INDEX_FK","errno":1553,"sql":"DROP INDEX `IDX_93ccf2a4586d101aa51a03b83d` ON `mappings`","sqlMessage":"Cannot drop index 'IDX_93ccf2a4586d101aa51a03b83d': needed in a foreign key constraint","sqlState":"HY000"},"errno":1553,"level":"error","message":"Database connection error: Cannot drop index 'IDX_93ccf2a4586d101aa51a03b83d': needed in a foreign key constraint","query":"DROP INDEX `IDX_93ccf2a4586d101aa51a03b83d` ON `mappings`","sql":"DROP INDEX `IDX_93ccf2a4586d101aa51a03b83d` ON `mappings`","sqlMessage":"Cannot drop index 'IDX_93ccf2a4586d101aa51a03b83d': needed in a foreign key constraint","sqlState":"HY000","stack":"QueryFailedError: Cannot drop index 'IDX_93ccf2a4586d101aa51a03b83d': needed in a foreign key constraint\n    at Query.onResult (/Users/zunanli/code/my/hybrid/node_modules/.pnpm/typeorm@0.3.24_mongodb@5.9.2_mysql2@3.14.1_reflect-metadata@0.1.14_ts-node@10.9.2_@types+node_dklewbkfun7ycqv55akde3cahy/node_modules/typeorm/src/driver/mysql/MysqlQueryRunner.ts:247:33)\n    at Query.execute (/Users/zunanli/code/my/hybrid/node_modules/.pnpm/mysql2@3.14.1/node_modules/mysql2/lib/commands/command.js:36:14)\n    at PoolConnection.handlePacket (/Users/zunanli/code/my/hybrid/node_modules/.pnpm/mysql2@3.14.1/node_modules/mysql2/lib/base/connection.js:475:34)\n    at PacketParser.onPacket (/Users/zunanli/code/my/hybrid/node_modules/.pnpm/mysql2@3.14.1/node_modules/mysql2/lib/base/connection.js:93:12)\n    at PacketParser.executeStart (/Users/zunanli/code/my/hybrid/node_modules/.pnpm/mysql2@3.14.1/node_modules/mysql2/lib/packet_parser.js:75:16)\n    at Socket.<anonymous> (/Users/zunanli/code/my/hybrid/node_modules/.pnpm/mysql2@3.14.1/node_modules/mysql2/lib/base/connection.js:100:25)\n    at Socket.emit (node:events:518:28)\n    at Socket.emit (node:domain:488:12)\n    at addChunk (node:internal/streams/readable:559:12)\n    at readableAddChunkPushByteMode (node:internal/streams/readable:510:3)","timestamp":"2025-06-01T09:57:08.635Z"}
{"code":"ER_DROP_INDEX_FK","driverError":{"code":"ER_DROP_INDEX_FK","errno":1553,"sql":"DROP INDEX `IDX_93ccf2a4586d101aa51a03b83d` ON `mappings`","sqlMessage":"Cannot drop index 'IDX_93ccf2a4586d101aa51a03b83d': needed in a foreign key constraint","sqlState":"HY000"},"errno":1553,"level":"error","message":"Database connection error: Cannot drop index 'IDX_93ccf2a4586d101aa51a03b83d': needed in a foreign key constraint","query":"DROP INDEX `IDX_93ccf2a4586d101aa51a03b83d` ON `mappings`","sql":"DROP INDEX `IDX_93ccf2a4586d101aa51a03b83d` ON `mappings`","sqlMessage":"Cannot drop index 'IDX_93ccf2a4586d101aa51a03b83d': needed in a foreign key constraint","sqlState":"HY000","stack":"QueryFailedError: Cannot drop index 'IDX_93ccf2a4586d101aa51a03b83d': needed in a foreign key constraint\n    at Query.onResult (/Users/zunanli/code/my/hybrid/node_modules/.pnpm/typeorm@0.3.24_mongodb@5.9.2_mysql2@3.14.1_reflect-metadata@0.1.14_ts-node@10.9.2_@types+node_dklewbkfun7ycqv55akde3cahy/node_modules/typeorm/src/driver/mysql/MysqlQueryRunner.ts:247:33)\n    at Query.execute (/Users/zunanli/code/my/hybrid/node_modules/.pnpm/mysql2@3.14.1/node_modules/mysql2/lib/commands/command.js:36:14)\n    at PoolConnection.handlePacket (/Users/zunanli/code/my/hybrid/node_modules/.pnpm/mysql2@3.14.1/node_modules/mysql2/lib/base/connection.js:475:34)\n    at PacketParser.onPacket (/Users/zunanli/code/my/hybrid/node_modules/.pnpm/mysql2@3.14.1/node_modules/mysql2/lib/base/connection.js:93:12)\n    at PacketParser.executeStart (/Users/zunanli/code/my/hybrid/node_modules/.pnpm/mysql2@3.14.1/node_modules/mysql2/lib/packet_parser.js:75:16)\n    at Socket.<anonymous> (/Users/zunanli/code/my/hybrid/node_modules/.pnpm/mysql2@3.14.1/node_modules/mysql2/lib/base/connection.js:100:25)\n    at Socket.emit (node:events:518:28)\n    at Socket.emit (node:domain:488:12)\n    at addChunk (node:internal/streams/readable:559:12)\n    at readableAddChunkPushByteMode (node:internal/streams/readable:510:3)","timestamp":"2025-06-01T09:57:19.594Z"}
{"level":"info","message":"Database connected successfully","timestamp":"2025-06-01T09:57:28.741Z"}
{"level":"info","message":"Server is running on port 3008","timestamp":"2025-06-01T09:57:28.743Z"}
{"level":"info","message":"Database connected successfully","timestamp":"2025-06-01T09:57:50.382Z"}
{"level":"info","message":"Server is running on port 3008","timestamp":"2025-06-01T09:57:50.384Z"}
{"level":"info","message":"Database connected successfully","timestamp":"2025-06-01T09:59:20.496Z"}
{"level":"info","message":"Server is running on port 3008","timestamp":"2025-06-01T09:59:20.497Z"}
{"level":"info","message":"Database connected successfully","timestamp":"2025-06-01T12:47:04.869Z"}
{"level":"info","message":"Server is running on port 3008","timestamp":"2025-06-01T12:47:04.880Z"}
{"level":"info","message":"Database connected successfully","timestamp":"2025-06-01T13:01:17.497Z"}
{"level":"info","message":"Server is running on port 3008","timestamp":"2025-06-01T13:01:17.499Z"}
{"level":"info","message":"Database connected successfully","timestamp":"2025-06-01T13:01:36.386Z"}
{"level":"info","message":"Server is running on port 3008","timestamp":"2025-06-01T13:01:36.388Z"}
{"level":"info","message":"Database connected successfully","timestamp":"2025-06-01T13:05:07.070Z"}
{"level":"info","message":"Server is running on port 3008","timestamp":"2025-06-01T13:05:07.071Z"}
{"level":"info","message":"Database connected successfully","timestamp":"2025-06-01T13:06:26.921Z"}
{"level":"info","message":"Server is running on port 3008","timestamp":"2025-06-01T13:06:26.923Z"}
{"level":"info","message":"Database connected successfully","timestamp":"2025-06-01T13:07:08.581Z"}
{"level":"info","message":"Server is running on port 3008","timestamp":"2025-06-01T13:07:08.582Z"}
{"level":"info","message":"Database connected successfully","timestamp":"2025-06-01T13:08:58.915Z"}
{"level":"info","message":"Server is running on port 3008","timestamp":"2025-06-01T13:08:58.916Z"}
{"level":"info","message":"Database connected successfully","timestamp":"2025-06-01T13:09:08.858Z"}
{"level":"info","message":"Server is running on port 3008","timestamp":"2025-06-01T13:09:08.859Z"}
{"level":"info","message":"Database connected successfully","timestamp":"2025-06-01T13:11:12.106Z"}
{"level":"info","message":"Database connected successfully","timestamp":"2025-06-01T13:12:10.543Z"}
{"level":"info","message":"Server is running on port 3008","timestamp":"2025-06-01T13:12:10.545Z"}
{"level":"info","message":"Database connected successfully","timestamp":"2025-06-01T13:12:59.724Z"}
{"level":"info","message":"Server is running on port 3008","timestamp":"2025-06-01T13:12:59.725Z"}
{"level":"info","message":"Database connected successfully","timestamp":"2025-06-01T13:14:43.087Z"}
{"level":"info","message":"Server is running on port 3008","timestamp":"2025-06-01T13:14:43.089Z"}
{"level":"info","message":"Database connected successfully","timestamp":"2025-06-01T13:23:06.993Z"}
{"level":"info","message":"Server is running on port 3008","timestamp":"2025-06-01T13:23:06.995Z"}
{"level":"info","message":"Database connected successfully","timestamp":"2025-06-01T13:37:20.625Z"}
{"level":"info","message":"Server is running on port 3008","timestamp":"2025-06-01T13:37:20.627Z"}
{"level":"info","message":"Database connected successfully","timestamp":"2025-06-01T13:39:51.763Z"}
{"level":"info","message":"Server is running on port 3008","timestamp":"2025-06-01T13:39:51.765Z"}
{"level":"info","message":"Database connected successfully","timestamp":"2025-06-01T13:40:06.833Z"}
{"level":"info","message":"Server is running on port 3008","timestamp":"2025-06-01T13:40:06.835Z"}
{"level":"info","message":"Database connected successfully","timestamp":"2025-06-01T13:40:20.976Z"}
{"level":"info","message":"Server is running on port 3008","timestamp":"2025-06-01T13:40:20.978Z"}
{"level":"info","message":"Database connected successfully","timestamp":"2025-06-01T13:41:22.001Z"}
{"level":"info","message":"Server is running on port 3008","timestamp":"2025-06-01T13:41:22.003Z"}
{"level":"info","message":"Database connected successfully","timestamp":"2025-06-01T13:46:37.318Z"}
{"level":"info","message":"Server is running on port 3008","timestamp":"2025-06-01T13:46:37.320Z"}
{"level":"info","message":"Database connected successfully","timestamp":"2025-06-01T13:46:56.932Z"}
{"level":"info","message":"Server is running on port 3008","timestamp":"2025-06-01T13:46:56.933Z"}
{"level":"info","message":"Created new mapping with ID: 1","timestamp":"2025-06-01T13:47:26.970Z"}
{"level":"info","message":"Updated mapping: 1","timestamp":"2025-06-01T13:47:31.282Z"}
{"level":"info","message":"Database connected successfully","timestamp":"2025-06-01T13:56:11.197Z"}
{"level":"info","message":"Server is running on port 3008","timestamp":"2025-06-01T13:56:11.200Z"}
{"level":"info","message":"Database connected successfully","timestamp":"2025-06-01T13:57:55.404Z"}
{"level":"info","message":"Server is running on port 3008","timestamp":"2025-06-01T13:57:55.406Z"}
{"level":"info","message":"Database connected successfully","timestamp":"2025-06-01T13:58:08.081Z"}
{"level":"info","message":"Server is running on port 3008","timestamp":"2025-06-01T13:58:08.083Z"}
{"level":"info","message":"Database connected successfully","timestamp":"2025-06-01T13:58:09.542Z"}
{"level":"info","message":"Server is running on port 3008","timestamp":"2025-06-01T13:58:09.544Z"}
{"level":"info","message":"Database connected successfully","timestamp":"2025-06-01T13:58:11.140Z"}
{"level":"info","message":"Server is running on port 3008","timestamp":"2025-06-01T13:58:11.142Z"}
